2021-11-04 08:42:34,029 - __main__ - INFO - read data
2021-11-04 08:42:35,230 - __main__ - INFO - define options
2021-11-04 08:42:35,234 - __main__ - INFO - _get_date
2021-11-04 08:42:35,236 - __main__ - INFO - create driver
2021-11-04 08:42:36,674 - __main__ - INFO - define wait
2021-11-04 08:42:36,677 - __main__ - INFO - get project info
2021-11-04 08:42:36,677 - __main__ - INFO - login
2021-11-04 08:42:40,296 - __main__ - INFO - new_work_page1 November 2021 Ambulatory Domain Support
2021-11-04 08:42:43,157 - __main__ - INFO - new_work_page2
2021-11-04 08:44:02,133 - __main__ - INFO - read data
2021-11-04 08:44:03,395 - __main__ - INFO - define options
2021-11-04 08:44:03,395 - __main__ - INFO - _get_date
2021-11-04 08:44:03,405 - __main__ - INFO - create driver
2021-11-04 08:44:04,760 - __main__ - INFO - define wait
2021-11-04 08:44:04,760 - __main__ - INFO - get project info
2021-11-04 08:44:04,760 - __main__ - INFO - login
2021-11-04 08:44:07,947 - __main__ - INFO - new_work_page1 November 2021 Vizient ODB Submission
2021-11-04 08:44:11,182 - __main__ - INFO - new_work_page2
2021-11-04 08:44:25,601 - __main__ - INFO - enter_status_flag
2021-11-04 08:44:27,437 - __main__ - INFO - bi_assignment_owner
2021-11-04 08:44:28,580 - __main__ - INFO - bi_team
2021-11-04 08:44:29,769 - __main__ - INFO - open_resource_search_window
2021-11-04 08:44:30,908 - __main__ - INFO - allocate
2021-11-04 08:44:35,052 - __main__ - INFO - get project info
2021-11-04 08:44:35,052 - __main__ - INFO - login
2021-11-04 08:50:19,104 - __main__ - INFO - read data
2021-11-04 08:50:41,491 - __main__ - INFO - read data
2021-11-04 08:50:42,752 - __main__ - INFO - define options
2021-11-04 08:50:42,754 - __main__ - INFO - _get_date
2021-11-04 08:50:42,756 - __main__ - INFO - create driver
2021-11-04 08:50:43,970 - __main__ - INFO - define wait
2021-11-04 08:50:43,972 - __main__ - INFO - get project info
2021-11-04 08:50:43,973 - __main__ - INFO - login
2021-11-04 08:50:49,746 - __main__ - INFO - new_work_page1 November 2021 Test
2021-11-04 08:50:52,157 - __main__ - INFO - new_work_page2
2021-11-04 08:51:05,672 - __main__ - INFO - enter_status_flag
2021-11-04 08:51:08,013 - __main__ - INFO - bi_assignment_owner
2021-11-04 08:51:09,213 - __main__ - INFO - bi_team
2021-11-04 08:51:10,396 - __main__ - INFO - open_resource_search_window
2021-11-04 08:51:11,468 - __main__ - INFO - allocate
2021-11-04 08:51:14,000 - __main__ - INFO - get project info
2021-11-04 08:51:14,000 - __main__ - INFO - login
2021-11-04 08:51:16,564 - __main__ - INFO - new_work_page1 November 2021 CMI Reporting
2021-11-04 08:51:17,765 - __main__ - INFO - new_work_page2
2021-11-04 08:51:29,726 - __main__ - INFO - enter_status_flag
2021-11-04 08:51:32,785 - __main__ - INFO - bi_assignment_owner
2021-11-04 08:51:33,981 - __main__ - INFO - bi_team
2021-11-04 08:51:35,200 - __main__ - INFO - open_resource_search_window
2021-11-04 08:51:36,250 - __main__ - INFO - allocate
2021-11-04 08:51:38,016 - __main__ - INFO - quit
