2022-02-01 08:35:11,842 - __main__ - INFO - read data
2022-02-01 08:35:14,027 - __main__ - INFO - define options
2022-02-01 08:35:14,028 - __main__ - INFO - _get_date
2022-02-01 08:35:14,030 - __main__ - INFO - create driver
2022-02-01 08:35:16,077 - __main__ - INFO - define wait
2022-02-01 08:35:16,079 - __main__ - INFO - get project info
2022-02-01 08:35:16,079 - __main__ - INFO - login
2022-02-01 08:35:20,654 - __main__ - INFO - new_work_page1 February 2022 Ambulatory Domain Support
2022-02-01 08:35:32,208 - __main__ - INFO - new_work_page2
2022-02-01 08:35:49,323 - __main__ - INFO - enter_status_flag
2022-02-01 08:35:51,621 - __main__ - INFO - bi_assignment_owner
2022-02-01 08:35:52,838 - __main__ - INFO - bi_team
2022-02-01 08:35:54,069 - __main__ - INFO - open_resource_search_window
2022-02-01 08:35:55,189 - __main__ - INFO - allocate
2022-02-01 08:35:59,998 - __main__ - INFO - navigate_to_work_view
2022-02-01 08:36:01,632 - __main__ - INFO - edit_work_detail
2022-02-01 08:36:04,677 - __main__ - INFO - bi_swim_lane
2022-02-01 08:36:04,749 - __main__ - INFO - bi_work_type
2022-02-01 08:36:04,794 - __main__ - INFO - executive_sponsor
2022-02-01 08:36:06,006 - __main__ - INFO - bi_business_owner
2022-02-01 08:36:07,157 - __main__ - INFO - bi_domain
2022-02-01 08:36:08,652 - __main__ - INFO - requestor
2022-02-01 08:36:10,079 - __main__ - INFO - bi_liaison
2022-02-01 08:36:10,504 - __main__ - INFO - work_description
2022-02-01 08:36:10,773 - __main__ - INFO - business_need
2022-02-01 08:36:10,993 - __main__ - INFO - save_edits
2022-02-01 08:36:13,109 - __main__ - INFO - get project info
2022-02-01 08:36:13,109 - __main__ - INFO - login
2022-02-01 08:36:15,670 - __main__ - INFO - new_work_page1 February 2022 Cancer Domain Support
2022-02-01 08:36:20,461 - __main__ - INFO - new_work_page2
2022-02-01 08:36:34,848 - __main__ - INFO - enter_status_flag
2022-02-01 08:36:37,818 - __main__ - INFO - bi_assignment_owner
2022-02-01 08:36:38,974 - __main__ - INFO - bi_team
2022-02-01 08:36:40,137 - __main__ - INFO - open_resource_search_window
2022-02-01 08:36:41,257 - __main__ - INFO - allocate
2022-02-01 08:36:45,486 - __main__ - INFO - navigate_to_work_view
2022-02-01 08:36:47,007 - __main__ - INFO - edit_work_detail
2022-02-01 08:36:50,176 - __main__ - INFO - bi_swim_lane
2022-02-01 08:36:50,232 - __main__ - INFO - bi_work_type
2022-02-01 08:36:50,284 - __main__ - INFO - executive_sponsor
2022-02-01 08:36:51,502 - __main__ - INFO - bi_business_owner
2022-02-01 08:36:52,677 - __main__ - INFO - bi_domain
2022-02-01 08:36:54,186 - __main__ - INFO - requestor
2022-02-01 08:36:55,568 - __main__ - INFO - bi_liaison
2022-02-01 08:36:55,999 - __main__ - INFO - work_description
2022-02-01 08:36:56,254 - __main__ - INFO - business_need
2022-02-01 08:36:56,449 - __main__ - INFO - save_edits
2022-02-01 08:36:58,543 - __main__ - INFO - get project info
2022-02-01 08:36:58,544 - __main__ - INFO - login
2022-02-01 08:37:01,418 - __main__ - INFO - new_work_page1 February 2022 Clinical Affairs Domain Support
2022-02-01 08:37:06,103 - __main__ - INFO - new_work_page2
2022-02-01 08:37:21,654 - __main__ - INFO - enter_status_flag
2022-02-01 08:37:23,586 - __main__ - INFO - bi_assignment_owner
2022-02-01 08:37:24,804 - __main__ - INFO - bi_team
2022-02-01 08:37:26,016 - __main__ - INFO - open_resource_search_window
2022-02-01 08:37:27,136 - __main__ - INFO - allocate
2022-02-01 08:37:31,074 - __main__ - INFO - navigate_to_work_view
2022-02-01 08:37:33,063 - __main__ - INFO - edit_work_detail
2022-02-01 08:37:36,138 - __main__ - INFO - bi_swim_lane
2022-02-01 08:37:36,189 - __main__ - INFO - bi_work_type
2022-02-01 08:37:36,229 - __main__ - INFO - executive_sponsor
2022-02-01 08:37:37,401 - __main__ - INFO - bi_business_owner
2022-02-01 08:37:38,522 - __main__ - INFO - bi_domain
2022-02-01 08:37:40,015 - __main__ - INFO - requestor
2022-02-01 08:37:41,496 - __main__ - INFO - bi_liaison
2022-02-01 08:37:41,872 - __main__ - INFO - work_description
2022-02-01 08:37:42,146 - __main__ - INFO - business_need
2022-02-01 08:37:42,370 - __main__ - INFO - save_edits
2022-02-01 08:37:44,486 - __main__ - INFO - get project info
2022-02-01 08:37:44,487 - __main__ - INFO - login
2022-02-01 08:37:47,106 - __main__ - INFO - new_work_page1 February 2022 Perioperative Domain Support
2022-02-01 08:37:51,757 - __main__ - INFO - new_work_page2
2022-02-01 08:38:07,216 - __main__ - INFO - enter_status_flag
2022-02-01 08:38:09,213 - __main__ - INFO - bi_assignment_owner
2022-02-01 08:38:10,421 - __main__ - INFO - bi_team
2022-02-01 08:38:11,607 - __main__ - INFO - open_resource_search_window
2022-02-01 08:38:12,724 - __main__ - INFO - allocate
2022-02-01 08:38:16,912 - __main__ - INFO - navigate_to_work_view
2022-02-01 08:38:18,562 - __main__ - INFO - edit_work_detail
2022-02-01 08:38:21,606 - __main__ - INFO - bi_swim_lane
2022-02-01 08:38:21,682 - __main__ - INFO - bi_work_type
2022-02-01 08:38:21,743 - __main__ - INFO - executive_sponsor
2022-02-01 08:38:22,963 - __main__ - INFO - bi_business_owner
2022-02-01 08:38:24,134 - __main__ - INFO - bi_domain
2022-02-01 08:38:25,651 - __main__ - INFO - requestor
2022-02-01 08:38:27,087 - __main__ - INFO - bi_liaison
2022-02-01 08:38:27,610 - __main__ - INFO - work_description
2022-02-01 08:38:27,885 - __main__ - INFO - business_need
2022-02-01 08:38:28,078 - __main__ - INFO - save_edits
2022-02-01 08:38:30,205 - __main__ - INFO - get project info
2022-02-01 08:38:30,205 - __main__ - INFO - login
2022-02-01 08:38:32,809 - __main__ - INFO - new_work_page1 February 2022 Quality & Safety Domain Support
2022-02-01 08:38:37,491 - __main__ - INFO - new_work_page2
2022-02-01 08:38:52,928 - __main__ - INFO - enter_status_flag
2022-02-01 08:38:54,935 - __main__ - INFO - bi_assignment_owner
2022-02-01 08:38:56,121 - __main__ - INFO - bi_team
2022-02-01 08:38:57,329 - __main__ - INFO - open_resource_search_window
2022-02-01 08:38:58,460 - __main__ - INFO - allocate
2022-02-01 08:39:02,850 - __main__ - INFO - navigate_to_work_view
2022-02-01 08:39:04,906 - __main__ - INFO - edit_work_detail
2022-02-01 08:39:07,877 - __main__ - INFO - bi_swim_lane
2022-02-01 08:39:07,954 - __main__ - INFO - bi_work_type
2022-02-01 08:39:08,002 - __main__ - INFO - executive_sponsor
2022-02-01 08:39:09,198 - __main__ - INFO - bi_business_owner
2022-02-01 08:39:10,388 - __main__ - INFO - bi_domain
2022-02-01 08:39:11,809 - __main__ - INFO - requestor
2022-02-01 08:39:13,248 - __main__ - INFO - bi_liaison
2022-02-01 08:39:13,611 - __main__ - INFO - work_description
2022-02-01 08:39:13,925 - __main__ - INFO - business_need
2022-02-01 08:39:14,155 - __main__ - INFO - save_edits
2022-02-01 08:39:16,266 - __main__ - INFO - get project info
2022-02-01 08:39:16,266 - __main__ - INFO - login
2022-02-01 08:39:18,893 - __main__ - INFO - new_work_page1 February 2022 Continuum of Care Domain Support
2022-02-01 08:39:23,622 - __main__ - INFO - new_work_page2
2022-02-01 08:39:38,132 - __main__ - INFO - enter_status_flag
2022-02-01 08:39:39,953 - __main__ - INFO - bi_assignment_owner
2022-02-01 08:39:41,195 - __main__ - INFO - bi_team
2022-02-01 08:39:42,439 - __main__ - INFO - open_resource_search_window
2022-02-01 08:39:43,550 - __main__ - INFO - allocate
2022-02-01 08:39:47,930 - __main__ - INFO - navigate_to_work_view
2022-02-01 08:39:49,415 - __main__ - INFO - edit_work_detail
2022-02-01 08:39:52,463 - __main__ - INFO - bi_swim_lane
2022-02-01 08:39:52,519 - __main__ - INFO - bi_work_type
2022-02-01 08:39:52,574 - __main__ - INFO - executive_sponsor
2022-02-01 08:39:53,788 - __main__ - INFO - bi_business_owner
2022-02-01 08:39:54,978 - __main__ - INFO - bi_domain
2022-02-01 08:39:56,452 - __main__ - INFO - requestor
2022-02-01 08:39:57,885 - __main__ - INFO - bi_liaison
2022-02-01 08:39:58,446 - __main__ - INFO - work_description
2022-02-01 08:39:58,734 - __main__ - INFO - business_need
2022-02-01 08:39:58,958 - __main__ - INFO - save_edits
2022-02-01 08:40:01,063 - __main__ - INFO - get project info
2022-02-01 08:40:01,063 - __main__ - INFO - login
2022-02-01 08:40:03,898 - __main__ - INFO - new_work_page1 February 2022 Nursing  - Acute Care Domain Support
2022-02-01 08:40:08,572 - __main__ - INFO - new_work_page2
2022-02-01 08:40:23,187 - __main__ - INFO - enter_status_flag
2022-02-01 08:40:25,249 - __main__ - INFO - bi_assignment_owner
2022-02-01 08:40:26,474 - __main__ - INFO - bi_team
2022-02-01 08:40:27,693 - __main__ - INFO - open_resource_search_window
2022-02-01 08:40:28,833 - __main__ - INFO - allocate
2022-02-01 08:40:33,518 - __main__ - INFO - navigate_to_work_view
2022-02-01 08:40:35,004 - __main__ - INFO - edit_work_detail
2022-02-01 08:40:38,430 - __main__ - INFO - bi_swim_lane
2022-02-01 08:40:38,495 - __main__ - INFO - bi_work_type
2022-02-01 08:40:38,556 - __main__ - INFO - executive_sponsor
2022-02-01 08:40:39,763 - __main__ - INFO - bi_business_owner
2022-02-01 08:40:40,919 - __main__ - INFO - bi_domain
2022-02-01 08:40:42,392 - __main__ - INFO - requestor
2022-02-01 08:40:43,817 - __main__ - INFO - bi_liaison
2022-02-01 08:40:44,188 - __main__ - INFO - work_description
2022-02-01 08:40:44,452 - __main__ - INFO - business_need
2022-02-01 08:40:44,653 - __main__ - INFO - save_edits
2022-02-01 08:40:46,754 - __main__ - INFO - get project info
2022-02-01 08:40:46,754 - __main__ - INFO - login
2022-02-01 08:40:49,678 - __main__ - INFO - new_work_page1 February 2022 Nursing - Case Management Domain Support
2022-02-01 08:40:54,438 - __main__ - INFO - new_work_page2
2022-02-01 08:41:09,584 - __main__ - INFO - enter_status_flag
2022-02-01 08:41:11,666 - __main__ - INFO - bi_assignment_owner
2022-02-01 08:41:12,902 - __main__ - INFO - bi_team
2022-02-01 08:41:14,054 - __main__ - INFO - open_resource_search_window
2022-02-01 08:41:15,106 - __main__ - INFO - allocate
2022-02-01 08:41:19,856 - __main__ - INFO - navigate_to_work_view
2022-02-01 08:41:21,350 - __main__ - INFO - edit_work_detail
2022-02-01 08:41:24,627 - __main__ - INFO - bi_swim_lane
2022-02-01 08:41:24,679 - __main__ - INFO - bi_work_type
2022-02-01 08:41:24,741 - __main__ - INFO - executive_sponsor
2022-02-01 08:41:25,947 - __main__ - INFO - bi_business_owner
2022-02-01 08:41:27,113 - __main__ - INFO - bi_domain
2022-02-01 08:41:28,625 - __main__ - INFO - requestor
2022-02-01 08:41:30,000 - __main__ - INFO - bi_liaison
2022-02-01 08:41:30,478 - __main__ - INFO - work_description
2022-02-01 08:41:30,762 - __main__ - INFO - business_need
2022-02-01 08:41:30,962 - __main__ - INFO - save_edits
2022-02-01 08:41:33,104 - __main__ - INFO - get project info
2022-02-01 08:41:33,105 - __main__ - INFO - login
2022-02-01 08:41:35,675 - __main__ - INFO - new_work_page1 February 2022 Nursing - Critical Care/Emergency Services Domain Support
2022-02-01 08:41:40,341 - __main__ - INFO - new_work_page2
2022-02-01 08:41:54,629 - __main__ - INFO - enter_status_flag
2022-02-01 08:41:56,661 - __main__ - INFO - bi_assignment_owner
2022-02-01 08:41:57,876 - __main__ - INFO - bi_team
2022-02-01 08:41:59,086 - __main__ - INFO - open_resource_search_window
2022-02-01 08:42:00,172 - __main__ - INFO - allocate
2022-02-01 08:42:04,430 - __main__ - INFO - navigate_to_work_view
2022-02-01 08:42:05,806 - __main__ - INFO - edit_work_detail
2022-02-01 08:42:08,908 - __main__ - INFO - bi_swim_lane
2022-02-01 08:42:08,963 - __main__ - INFO - bi_work_type
2022-02-01 08:42:09,018 - __main__ - INFO - executive_sponsor
2022-02-01 08:42:10,197 - __main__ - INFO - bi_business_owner
2022-02-01 08:42:11,361 - __main__ - INFO - bi_domain
2022-02-01 08:42:13,114 - __main__ - INFO - requestor
2022-02-01 08:42:14,550 - __main__ - INFO - bi_liaison
2022-02-01 08:42:14,914 - __main__ - INFO - work_description
2022-02-01 08:42:15,170 - __main__ - INFO - business_need
2022-02-01 08:42:15,371 - __main__ - INFO - save_edits
2022-02-01 08:42:17,494 - __main__ - INFO - get project info
2022-02-01 08:42:17,495 - __main__ - INFO - login
2022-02-01 08:42:20,018 - __main__ - INFO - new_work_page1 February 2022 Nursing - Implementation/IOS Domain Support
2022-02-01 08:42:24,681 - __main__ - INFO - new_work_page2
2022-02-01 08:42:39,645 - __main__ - INFO - enter_status_flag
2022-02-01 08:42:40,921 - __main__ - INFO - bi_assignment_owner
2022-02-01 08:42:42,156 - __main__ - INFO - bi_team
2022-02-01 08:42:43,373 - __main__ - INFO - open_resource_search_window
2022-02-01 08:42:44,439 - __main__ - INFO - allocate
2022-02-01 08:42:48,701 - __main__ - INFO - navigate_to_work_view
2022-02-01 08:42:50,345 - __main__ - INFO - edit_work_detail
2022-02-01 08:42:53,446 - __main__ - INFO - bi_swim_lane
2022-02-01 08:42:53,494 - __main__ - INFO - bi_work_type
2022-02-01 08:42:53,553 - __main__ - INFO - executive_sponsor
2022-02-01 08:42:54,765 - __main__ - INFO - bi_business_owner
2022-02-01 08:42:55,988 - __main__ - INFO - bi_domain
2022-02-01 08:42:57,555 - __main__ - INFO - requestor
2022-02-01 08:42:59,015 - __main__ - INFO - bi_liaison
2022-02-01 08:42:59,653 - __main__ - INFO - work_description
2022-02-01 08:42:59,908 - __main__ - INFO - business_need
2022-02-01 08:43:00,094 - __main__ - INFO - save_edits
2022-02-01 08:43:02,205 - __main__ - INFO - get project info
2022-02-01 08:43:02,205 - __main__ - INFO - login
2022-02-01 08:43:04,715 - __main__ - INFO - new_work_page1 February 2022 Strategic Affairs Domain Support
2022-02-01 08:43:09,407 - __main__ - INFO - new_work_page2
2022-02-01 08:43:24,147 - __main__ - INFO - enter_status_flag
2022-02-01 08:43:25,918 - __main__ - INFO - bi_assignment_owner
2022-02-01 08:43:27,172 - __main__ - INFO - bi_team
2022-02-01 08:43:28,400 - __main__ - INFO - open_resource_search_window
2022-02-01 08:43:29,518 - __main__ - INFO - allocate
2022-02-01 08:43:33,661 - __main__ - INFO - navigate_to_work_view
2022-02-01 08:43:35,187 - __main__ - INFO - edit_work_detail
2022-02-01 08:43:38,256 - __main__ - INFO - bi_swim_lane
2022-02-01 08:43:38,331 - __main__ - INFO - bi_work_type
2022-02-01 08:43:38,378 - __main__ - INFO - executive_sponsor
2022-02-01 08:43:39,588 - __main__ - INFO - bi_business_owner
2022-02-01 08:43:40,773 - __main__ - INFO - bi_domain
2022-02-01 08:43:42,271 - __main__ - INFO - requestor
2022-02-01 08:43:43,712 - __main__ - INFO - bi_liaison
2022-02-01 08:43:44,097 - __main__ - INFO - work_description
2022-02-01 08:43:44,317 - __main__ - INFO - business_need
2022-02-01 08:43:44,531 - __main__ - INFO - save_edits
2022-02-01 08:43:46,650 - __main__ - INFO - get project info
2022-02-01 08:43:46,650 - __main__ - INFO - login
2022-02-01 08:43:49,358 - __main__ - INFO - new_work_page1 February 2022 Strategic Finance Domain Support
2022-02-01 08:43:54,534 - __main__ - INFO - new_work_page2
2022-02-01 08:44:09,605 - __main__ - INFO - enter_status_flag
2022-02-01 08:44:11,484 - __main__ - INFO - bi_assignment_owner
2022-02-01 08:44:12,751 - __main__ - INFO - bi_team
2022-02-01 08:44:13,966 - __main__ - INFO - open_resource_search_window
2022-02-01 08:44:15,023 - __main__ - INFO - allocate
2022-02-01 08:44:19,122 - __main__ - INFO - navigate_to_work_view
2022-02-01 08:44:20,726 - __main__ - INFO - edit_work_detail
2022-02-01 08:44:23,967 - __main__ - INFO - bi_swim_lane
2022-02-01 08:44:24,034 - __main__ - INFO - bi_work_type
2022-02-01 08:44:24,106 - __main__ - INFO - executive_sponsor
2022-02-01 08:44:25,325 - __main__ - INFO - bi_business_owner
2022-02-01 08:44:26,521 - __main__ - INFO - bi_domain
2022-02-01 08:44:27,957 - __main__ - INFO - requestor
2022-02-01 08:44:29,382 - __main__ - INFO - bi_liaison
2022-02-01 08:44:29,769 - __main__ - INFO - work_description
2022-02-01 08:44:30,012 - __main__ - INFO - business_need
2022-02-01 08:44:30,173 - __main__ - INFO - save_edits
2022-02-01 08:44:32,265 - __main__ - INFO - get project info
2022-02-01 08:44:32,265 - __main__ - INFO - login
2022-02-01 08:44:34,820 - __main__ - INFO - new_work_page1 February 2022 Strategic Planning Domain Support
2022-02-01 08:44:39,546 - __main__ - INFO - new_work_page2
2022-02-01 08:44:53,693 - __main__ - INFO - enter_status_flag
2022-02-01 08:44:55,688 - __main__ - INFO - bi_assignment_owner
2022-02-01 08:44:56,864 - __main__ - INFO - bi_team
2022-02-01 08:44:58,114 - __main__ - INFO - open_resource_search_window
2022-02-01 08:44:59,239 - __main__ - INFO - allocate
2022-02-01 08:45:04,152 - __main__ - INFO - navigate_to_work_view
2022-02-01 08:45:08,045 - __main__ - INFO - edit_work_detail
2022-02-01 08:45:11,705 - __main__ - INFO - bi_swim_lane
2022-02-01 08:45:11,776 - __main__ - INFO - bi_work_type
2022-02-01 08:45:11,841 - __main__ - INFO - executive_sponsor
2022-02-01 08:45:13,078 - __main__ - INFO - bi_business_owner
2022-02-01 08:45:14,297 - __main__ - INFO - bi_domain
2022-02-01 08:45:15,788 - __main__ - INFO - requestor
2022-02-01 08:45:17,217 - __main__ - INFO - bi_liaison
2022-02-01 08:45:17,636 - __main__ - INFO - work_description
2022-02-01 08:45:17,876 - __main__ - INFO - business_need
2022-02-01 08:45:18,072 - __main__ - INFO - save_edits
2022-02-01 08:45:20,157 - __main__ - INFO - get project info
2022-02-01 08:45:20,159 - __main__ - INFO - login
2022-02-01 08:45:23,023 - __main__ - INFO - new_work_page1 February 2022 Nursing - Ambulatory Domain Support 
2022-02-01 08:45:27,705 - __main__ - INFO - new_work_page2
2022-02-01 08:45:42,793 - __main__ - INFO - enter_status_flag
2022-02-01 08:45:44,138 - __main__ - INFO - bi_assignment_owner
2022-02-01 08:45:45,249 - __main__ - INFO - bi_team
2022-02-01 08:45:46,373 - __main__ - INFO - open_resource_search_window
2022-02-01 08:45:47,445 - __main__ - INFO - allocate
2022-02-01 08:45:51,606 - __main__ - INFO - navigate_to_work_view
2022-02-01 08:45:53,107 - __main__ - INFO - edit_work_detail
2022-02-01 08:45:56,242 - __main__ - INFO - bi_swim_lane
2022-02-01 08:45:56,295 - __main__ - INFO - bi_work_type
2022-02-01 08:45:56,334 - __main__ - INFO - executive_sponsor
2022-02-01 08:45:57,544 - __main__ - INFO - bi_business_owner
2022-02-01 08:45:58,733 - __main__ - INFO - bi_domain
2022-02-01 08:46:00,174 - __main__ - INFO - requestor
2022-02-01 08:46:01,641 - __main__ - INFO - bi_liaison
2022-02-01 08:46:02,040 - __main__ - INFO - work_description
2022-02-01 08:46:02,296 - __main__ - INFO - business_need
2022-02-01 08:46:02,527 - __main__ - INFO - save_edits
2022-02-01 08:46:04,628 - __main__ - INFO - get project info
2022-02-01 08:46:04,628 - __main__ - INFO - login
2022-02-01 08:46:07,156 - __main__ - INFO - new_work_page1 February 2022 Revenue Cycle Domain Support
2022-02-01 08:46:11,814 - __main__ - INFO - new_work_page2
2022-02-01 08:46:26,829 - __main__ - INFO - enter_status_flag
2022-02-01 08:46:28,588 - __main__ - INFO - bi_assignment_owner
2022-02-01 08:46:29,806 - __main__ - INFO - bi_team
2022-02-01 08:46:31,029 - __main__ - INFO - open_resource_search_window
2022-02-01 08:46:32,159 - __main__ - INFO - allocate
2022-02-01 08:46:36,247 - __main__ - INFO - navigate_to_work_view
2022-02-01 08:46:38,163 - __main__ - INFO - edit_work_detail
2022-02-01 08:46:41,712 - __main__ - INFO - bi_swim_lane
2022-02-01 08:46:41,765 - __main__ - INFO - bi_work_type
2022-02-01 08:46:41,805 - __main__ - INFO - executive_sponsor
2022-02-01 08:46:43,016 - __main__ - INFO - bi_business_owner
2022-02-01 08:46:44,184 - __main__ - INFO - bi_domain
2022-02-01 08:46:45,711 - __main__ - INFO - requestor
2022-02-01 08:46:47,167 - __main__ - INFO - bi_liaison
2022-02-01 08:46:47,536 - __main__ - INFO - work_description
2022-02-01 08:46:47,794 - __main__ - INFO - business_need
2022-02-01 08:46:48,013 - __main__ - INFO - save_edits
2022-02-01 08:46:50,113 - __main__ - INFO - get project info
2022-02-01 08:46:50,114 - __main__ - INFO - login
2022-02-01 08:46:53,222 - __main__ - INFO - new_work_page1 February 2022 Retail Pharmacy Domain Support
2022-02-01 08:46:57,972 - __main__ - INFO - new_work_page2
2022-02-01 08:47:13,268 - __main__ - INFO - enter_status_flag
2022-02-01 08:47:15,215 - __main__ - INFO - bi_assignment_owner
2022-02-01 08:47:16,398 - __main__ - INFO - bi_team
2022-02-01 08:47:17,595 - __main__ - INFO - open_resource_search_window
2022-02-01 08:47:18,656 - __main__ - INFO - allocate
2022-02-01 08:47:22,654 - __main__ - INFO - navigate_to_work_view
2022-02-01 08:47:24,177 - __main__ - INFO - edit_work_detail
2022-02-01 08:47:27,178 - __main__ - INFO - bi_swim_lane
2022-02-01 08:47:27,258 - __main__ - INFO - bi_work_type
2022-02-01 08:47:27,317 - __main__ - INFO - executive_sponsor
2022-02-01 08:47:28,529 - __main__ - INFO - bi_business_owner
2022-02-01 08:47:29,757 - __main__ - INFO - bi_domain
2022-02-01 08:47:31,192 - __main__ - INFO - requestor
2022-02-01 08:47:32,642 - __main__ - INFO - bi_liaison
2022-02-01 08:47:33,146 - __main__ - INFO - work_description
2022-02-01 08:47:33,428 - __main__ - INFO - business_need
2022-02-01 08:47:33,639 - __main__ - INFO - save_edits
2022-02-01 08:47:35,748 - __main__ - INFO - get project info
2022-02-01 08:47:35,749 - __main__ - INFO - login
2022-02-01 08:47:38,300 - __main__ - INFO - new_work_page1 February 2022 Inpatient Pharmacy Domain Support
2022-02-01 08:47:43,062 - __main__ - INFO - new_work_page2
2022-02-01 08:47:57,809 - __main__ - INFO - enter_status_flag
2022-02-01 08:47:59,625 - __main__ - INFO - bi_assignment_owner
2022-02-01 08:48:00,809 - __main__ - INFO - bi_team
2022-02-01 08:48:02,024 - __main__ - INFO - open_resource_search_window
2022-02-01 08:48:03,154 - __main__ - INFO - allocate
2022-02-01 08:48:07,166 - __main__ - INFO - navigate_to_work_view
2022-02-01 08:48:08,625 - __main__ - INFO - edit_work_detail
2022-02-01 08:48:12,018 - __main__ - INFO - bi_swim_lane
2022-02-01 08:48:12,075 - __main__ - INFO - bi_work_type
2022-02-01 08:48:12,112 - __main__ - INFO - executive_sponsor
2022-02-01 08:48:13,367 - __main__ - INFO - bi_business_owner
2022-02-01 08:48:14,527 - __main__ - INFO - bi_domain
2022-02-01 08:48:15,975 - __main__ - INFO - requestor
2022-02-01 08:48:17,437 - __main__ - INFO - bi_liaison
2022-02-01 08:48:17,961 - __main__ - INFO - work_description
2022-02-01 08:48:18,236 - __main__ - INFO - business_need
2022-02-01 08:48:18,527 - __main__ - INFO - save_edits
2022-02-01 08:48:20,606 - __main__ - INFO - get project info
2022-02-01 08:48:20,606 - __main__ - INFO - login
2022-02-01 08:48:23,180 - __main__ - INFO - new_work_page1 February 2022 Cancer Center Pharmacy Domain Support
2022-02-01 08:48:27,909 - __main__ - INFO - new_work_page2
2022-02-01 08:48:42,211 - __main__ - INFO - enter_status_flag
2022-02-01 08:48:44,182 - __main__ - INFO - bi_assignment_owner
2022-02-01 08:48:45,353 - __main__ - INFO - bi_team
2022-02-01 08:48:46,566 - __main__ - INFO - open_resource_search_window
2022-02-01 08:48:47,684 - __main__ - INFO - allocate
2022-02-01 08:48:52,213 - __main__ - INFO - navigate_to_work_view
2022-02-01 08:48:53,835 - __main__ - INFO - edit_work_detail
2022-02-01 08:48:57,476 - __main__ - INFO - bi_swim_lane
2022-02-01 08:48:57,567 - __main__ - INFO - bi_work_type
2022-02-01 08:48:57,666 - __main__ - INFO - executive_sponsor
2022-02-01 08:48:58,872 - __main__ - INFO - bi_business_owner
2022-02-01 08:49:00,050 - __main__ - INFO - bi_domain
2022-02-01 08:49:01,567 - __main__ - INFO - requestor
2022-02-01 08:49:02,988 - __main__ - INFO - bi_liaison
2022-02-01 08:49:03,388 - __main__ - INFO - work_description
2022-02-01 08:49:03,721 - __main__ - INFO - business_need
2022-02-01 08:49:03,994 - __main__ - INFO - save_edits
2022-02-01 08:49:06,073 - __main__ - INFO - get project info
2022-02-01 08:49:06,074 - __main__ - INFO - login
2022-02-01 08:49:08,824 - __main__ - INFO - new_work_page1 February 2022 Lab Domain Support
2022-02-01 08:49:13,528 - __main__ - INFO - new_work_page2
2022-02-01 08:49:28,182 - __main__ - INFO - enter_status_flag
2022-02-01 08:49:30,030 - __main__ - INFO - bi_assignment_owner
2022-02-01 08:49:31,259 - __main__ - INFO - bi_team
2022-02-01 08:49:32,482 - __main__ - INFO - open_resource_search_window
2022-02-01 08:49:33,655 - __main__ - INFO - allocate
2022-02-01 08:49:38,076 - __main__ - INFO - navigate_to_work_view
2022-02-01 08:49:39,785 - __main__ - INFO - edit_work_detail
2022-02-01 08:49:42,778 - __main__ - INFO - bi_swim_lane
2022-02-01 08:49:42,830 - __main__ - INFO - bi_work_type
2022-02-01 08:49:42,868 - __main__ - INFO - executive_sponsor
2022-02-01 08:49:44,001 - __main__ - INFO - bi_business_owner
2022-02-01 08:49:45,135 - __main__ - INFO - bi_domain
2022-02-01 08:49:46,496 - __main__ - INFO - requestor
2022-02-01 08:49:47,889 - __main__ - INFO - bi_liaison
2022-02-01 08:49:48,253 - __main__ - INFO - work_description
2022-02-01 08:49:48,452 - __main__ - INFO - business_need
2022-02-01 08:49:48,631 - __main__ - INFO - save_edits
2022-02-01 08:49:50,703 - __main__ - INFO - get project info
2022-02-01 08:49:50,703 - __main__ - INFO - login
2022-02-01 08:49:53,499 - __main__ - INFO - new_work_page1 February 2022 Vizient Reporting
2022-02-01 08:49:58,198 - __main__ - INFO - new_work_page2
2022-02-01 08:50:12,391 - __main__ - INFO - enter_status_flag
2022-02-01 08:50:14,344 - __main__ - INFO - bi_assignment_owner
2022-02-01 08:50:15,536 - __main__ - INFO - bi_team
2022-02-01 08:50:16,757 - __main__ - INFO - open_resource_search_window
2022-02-01 08:50:17,863 - __main__ - INFO - allocate
2022-02-01 08:50:22,557 - __main__ - INFO - navigate_to_work_view
2022-02-01 08:50:23,997 - __main__ - INFO - edit_work_detail
2022-02-01 08:50:27,177 - __main__ - INFO - bi_swim_lane
2022-02-01 08:50:27,228 - __main__ - INFO - bi_work_type
2022-02-01 08:50:27,279 - __main__ - INFO - executive_sponsor
2022-02-01 08:50:28,379 - __main__ - INFO - bi_business_owner
2022-02-01 08:50:29,579 - __main__ - INFO - bi_domain
2022-02-01 08:50:31,085 - __main__ - INFO - requestor
2022-02-01 08:50:32,539 - __main__ - INFO - bi_liaison
2022-02-01 08:50:32,913 - __main__ - INFO - work_description
2022-02-01 08:50:33,110 - __main__ - INFO - business_need
2022-02-01 08:50:33,249 - __main__ - INFO - save_edits
2022-02-01 08:50:35,349 - __main__ - INFO - get project info
2022-02-01 08:50:35,350 - __main__ - INFO - login
2022-02-01 08:50:37,795 - __main__ - INFO - new_work_page1 February 2022 Press Ganey Tasks
2022-02-01 08:50:42,362 - __main__ - INFO - new_work_page2
2022-02-01 08:50:56,704 - __main__ - INFO - enter_status_flag
2022-02-01 08:50:58,677 - __main__ - INFO - bi_assignment_owner
2022-02-01 08:50:59,906 - __main__ - INFO - bi_team
2022-02-01 08:51:01,096 - __main__ - INFO - open_resource_search_window
2022-02-01 08:51:02,177 - __main__ - INFO - allocate
2022-02-01 08:51:06,387 - __main__ - INFO - navigate_to_work_view
2022-02-01 08:51:08,000 - __main__ - INFO - edit_work_detail
2022-02-01 08:51:11,072 - __main__ - INFO - bi_swim_lane
2022-02-01 08:51:11,159 - __main__ - INFO - bi_work_type
2022-02-01 08:51:11,231 - __main__ - INFO - executive_sponsor
2022-02-01 08:51:12,433 - __main__ - INFO - bi_business_owner
2022-02-01 08:51:13,634 - __main__ - INFO - bi_domain
2022-02-01 08:51:15,145 - __main__ - INFO - requestor
2022-02-01 08:51:16,598 - __main__ - INFO - bi_liaison
2022-02-01 08:51:17,003 - __main__ - INFO - work_description
2022-02-01 08:51:17,236 - __main__ - INFO - business_need
2022-02-01 08:51:17,428 - __main__ - INFO - save_edits
2022-02-01 08:51:19,506 - __main__ - INFO - get project info
2022-02-01 08:51:19,506 - __main__ - INFO - login
2022-02-01 08:51:22,179 - __main__ - INFO - new_work_page1 February 2022 Vizient ODB Submission
2022-02-01 08:51:26,915 - __main__ - INFO - new_work_page2
2022-02-01 08:51:42,267 - __main__ - INFO - enter_status_flag
2022-02-01 08:51:44,006 - __main__ - INFO - bi_assignment_owner
2022-02-01 08:51:45,253 - __main__ - INFO - bi_team
2022-02-01 08:51:46,499 - __main__ - INFO - open_resource_search_window
2022-02-01 08:51:47,645 - __main__ - INFO - allocate
2022-02-01 08:51:52,218 - __main__ - INFO - navigate_to_work_view
2022-02-01 08:51:54,129 - __main__ - INFO - edit_work_detail
2022-02-01 08:51:57,462 - __main__ - INFO - bi_swim_lane
2022-02-01 08:51:57,550 - __main__ - INFO - bi_work_type
2022-02-01 08:51:57,621 - __main__ - INFO - executive_sponsor
2022-02-01 08:51:58,810 - __main__ - INFO - bi_business_owner
2022-02-01 08:52:00,035 - __main__ - INFO - bi_domain
2022-02-01 08:52:01,539 - __main__ - INFO - requestor
2022-02-01 08:52:02,981 - __main__ - INFO - bi_liaison
2022-02-01 08:52:03,369 - __main__ - INFO - work_description
2022-02-01 08:52:03,585 - __main__ - INFO - business_need
2022-02-01 08:52:03,772 - __main__ - INFO - save_edits
2022-02-01 08:52:05,877 - __main__ - INFO - get project info
2022-02-01 08:52:05,878 - __main__ - INFO - login
2022-02-01 08:52:08,608 - __main__ - INFO - new_work_page1 February 2022 CMI Reporting
2022-02-01 08:52:13,355 - __main__ - INFO - new_work_page2
2022-02-01 08:52:27,502 - __main__ - INFO - enter_status_flag
2022-02-01 08:52:29,325 - __main__ - INFO - bi_assignment_owner
2022-02-01 08:52:30,538 - __main__ - INFO - bi_team
2022-02-01 08:52:31,754 - __main__ - INFO - open_resource_search_window
2022-02-01 08:52:32,860 - __main__ - INFO - allocate
2022-02-01 08:52:36,903 - __main__ - INFO - navigate_to_work_view
2022-02-01 08:52:38,575 - __main__ - INFO - edit_work_detail
2022-02-01 08:52:41,630 - __main__ - INFO - bi_swim_lane
2022-02-01 08:52:41,686 - __main__ - INFO - bi_work_type
2022-02-01 08:52:41,729 - __main__ - INFO - executive_sponsor
2022-02-01 08:52:42,928 - __main__ - INFO - bi_business_owner
2022-02-01 08:52:44,067 - __main__ - INFO - bi_domain
2022-02-01 08:52:45,542 - __main__ - INFO - requestor
2022-02-01 08:52:46,964 - __main__ - INFO - bi_liaison
2022-02-01 08:52:47,336 - __main__ - INFO - work_description
2022-02-01 08:52:47,575 - __main__ - INFO - business_need
2022-02-01 08:52:47,782 - __main__ - INFO - save_edits
2022-02-01 08:52:49,877 - __main__ - INFO - get project info
2022-02-01 08:52:49,877 - __main__ - INFO - login
2022-02-01 08:52:52,321 - __main__ - INFO - new_work_page1 February 2022 Cost Estimation
2022-02-01 08:52:57,033 - __main__ - INFO - new_work_page2
2022-02-01 08:53:11,345 - __main__ - INFO - enter_status_flag
2022-02-01 08:53:12,800 - __main__ - INFO - bi_assignment_owner
2022-02-01 08:53:14,054 - __main__ - INFO - bi_team
2022-02-01 08:53:15,312 - __main__ - INFO - open_resource_search_window
2022-02-01 08:53:16,373 - __main__ - INFO - allocate
2022-02-01 08:53:20,900 - __main__ - INFO - navigate_to_work_view
2022-02-01 08:53:22,834 - __main__ - INFO - edit_work_detail
2022-02-01 08:53:26,332 - __main__ - INFO - bi_swim_lane
2022-02-01 08:53:26,382 - __main__ - INFO - bi_work_type
2022-02-01 08:53:26,446 - __main__ - INFO - executive_sponsor
2022-02-01 08:53:27,670 - __main__ - INFO - bi_business_owner
2022-02-01 08:53:28,874 - __main__ - INFO - bi_domain
2022-02-01 08:53:30,352 - __main__ - INFO - requestor
2022-02-01 08:53:31,801 - __main__ - INFO - bi_liaison
2022-02-01 08:53:32,238 - __main__ - INFO - work_description
2022-02-01 08:53:32,464 - __main__ - INFO - business_need
2022-02-01 08:53:32,660 - __main__ - INFO - save_edits
2022-02-01 08:53:34,767 - __main__ - INFO - quit
