2021-12-23 14:24:10,938 - __main__ - INFO - read data
2021-12-23 14:24:13,426 - __main__ - INFO - define options
2021-12-23 14:24:13,426 - __main__ - INFO - _get_date
2021-12-23 14:24:13,428 - __main__ - INFO - create driver
2021-12-23 14:24:14,771 - __main__ - INFO - define wait
2021-12-23 14:24:14,773 - __main__ - INFO - get project info
2021-12-23 14:24:14,773 - __main__ - INFO - login
2021-12-23 14:24:20,882 - __main__ - INFO - new_work_page1 December 2021 Test1
2021-12-23 14:24:31,012 - __main__ - INFO - new_work_page2
2021-12-23 14:24:46,328 - __main__ - INFO - enter_status_flag
2021-12-23 14:24:48,531 - __main__ - INFO - bi_assignment_owner
2021-12-23 14:24:49,646 - __main__ - INFO - bi_team
2021-12-23 14:24:50,757 - __main__ - INFO - open_resource_search_window
2021-12-23 14:24:51,738 - __main__ - INFO - allocate
2021-12-23 14:24:55,868 - __main__ - INFO - navigate_to_work_view
2021-12-23 14:24:57,597 - __main__ - INFO - edit_work_detail
2021-12-23 14:25:00,490 - __main__ - INFO - bi_swim_lane
2021-12-23 14:25:00,584 - __main__ - INFO - bi_work_type
2021-12-23 14:25:00,617 - __main__ - INFO - executive_sponsor
2021-12-23 14:25:01,712 - __main__ - INFO - bi_business_owner
2021-12-23 14:25:02,801 - __main__ - INFO - bi_domain
2021-12-23 14:25:04,213 - __main__ - INFO - requestor
2021-12-23 14:25:05,612 - __main__ - INFO - bi_liaison
2021-12-23 14:25:06,113 - __main__ - INFO - work_description
2021-12-23 14:25:06,299 - __main__ - INFO - business_need
2021-12-23 14:25:06,434 - __main__ - INFO - save_edits
2021-12-23 14:25:08,499 - __main__ - INFO - get project info
2021-12-23 14:25:08,500 - __main__ - INFO - login
2021-12-23 14:25:11,201 - __main__ - INFO - new_work_page1 December 2021 Test2
2021-12-23 14:25:12,594 - __main__ - INFO - new_work_page2
2021-12-23 14:25:26,685 - __main__ - INFO - enter_status_flag
2021-12-23 14:25:28,917 - __main__ - INFO - bi_assignment_owner
2021-12-23 14:25:30,014 - __main__ - INFO - bi_team
2021-12-23 14:25:31,110 - __main__ - INFO - open_resource_search_window
2021-12-23 14:25:32,074 - __main__ - INFO - allocate
2021-12-23 14:25:36,083 - __main__ - INFO - navigate_to_work_view
2021-12-23 14:25:37,712 - __main__ - INFO - edit_work_detail
2021-12-23 14:25:40,583 - __main__ - INFO - bi_swim_lane
2021-12-23 14:25:40,623 - __main__ - INFO - bi_work_type
2021-12-23 14:25:40,657 - __main__ - INFO - executive_sponsor
2021-12-23 14:25:41,754 - __main__ - INFO - bi_business_owner
2021-12-23 14:25:42,849 - __main__ - INFO - bi_domain
2021-12-23 14:25:44,277 - __main__ - INFO - requestor
2021-12-23 14:25:45,646 - __main__ - INFO - bi_liaison
2021-12-23 14:25:46,217 - __main__ - INFO - work_description
2021-12-23 14:25:46,396 - __main__ - INFO - business_need
2021-12-23 14:25:46,531 - __main__ - INFO - save_edits
2021-12-23 14:25:48,601 - __main__ - INFO - get project info
2021-12-23 14:25:48,602 - __main__ - INFO - login
2021-12-23 14:25:51,279 - __main__ - INFO - new_work_page1 December 2021 Test3
2021-12-23 14:25:52,625 - __main__ - INFO - new_work_page2
2021-12-23 14:26:06,608 - __main__ - INFO - enter_status_flag
2021-12-23 14:26:08,433 - __main__ - INFO - bi_assignment_owner
2021-12-23 14:26:09,532 - __main__ - INFO - bi_team
2021-12-23 14:26:10,630 - __main__ - INFO - open_resource_search_window
2021-12-23 14:26:11,607 - __main__ - INFO - allocate
2021-12-23 14:26:15,510 - __main__ - INFO - navigate_to_work_view
2021-12-23 14:26:17,206 - __main__ - INFO - edit_work_detail
2021-12-23 14:26:20,628 - __main__ - INFO - bi_swim_lane
2021-12-23 14:26:20,680 - __main__ - INFO - bi_work_type
2021-12-23 14:26:20,765 - __main__ - INFO - executive_sponsor
2021-12-23 14:26:21,862 - __main__ - INFO - bi_business_owner
2021-12-23 14:26:22,949 - __main__ - INFO - bi_domain
2021-12-23 14:26:24,328 - __main__ - INFO - requestor
2021-12-23 14:26:25,686 - __main__ - INFO - bi_liaison
2021-12-23 14:26:26,274 - __main__ - INFO - work_description
2021-12-23 14:26:26,481 - __main__ - INFO - business_need
2021-12-23 14:26:26,630 - __main__ - INFO - save_edits
2021-12-23 14:26:28,696 - __main__ - INFO - quit
